c:\users\vipul c\source\repos\mfcapplication2\mfcapplication2\x64\debug\mfcapplication2.pch
c:\users\vipul c\source\repos\mfcapplication2\mfcapplication2\x64\debug\vc143.pdb
c:\users\vipul c\source\repos\mfcapplication2\mfcapplication2\x64\debug\vc143.idb
c:\users\vipul c\source\repos\mfcapplication2\mfcapplication2\x64\debug\pch.obj
c:\users\vipul c\source\repos\mfcapplication2\mfcapplication2\x64\debug\mfcapplication2dlg.obj
c:\users\vipul c\source\repos\mfcapplication2\mfcapplication2\x64\debug\mfcapplication2.obj
c:\users\vipul c\source\repos\mfcapplication2\x64\debug\mfcapplication2.exe
c:\users\vipul c\source\repos\mfcapplication2\x64\debug\mfcapplication2.pdb
c:\users\vipul c\source\repos\mfcapplication2\mfcapplication2\x64\debug\mfcapplication2.res
c:\users\vipul c\source\repos\mfcapplication2\mfcapplication2\x64\debug\mfcapplication2.ilk
c:\users\vipul c\source\repos\mfcapplication2\mfcapplication2\x64\debug\mfcapplication2.tlog\cl.command.1.tlog
c:\users\vipul c\source\repos\mfcapplication2\mfcapplication2\x64\debug\mfcapplication2.tlog\cl.items.tlog
c:\users\vipul c\source\repos\mfcapplication2\mfcapplication2\x64\debug\mfcapplication2.tlog\cl.read.1.tlog
c:\users\vipul c\source\repos\mfcapplication2\mfcapplication2\x64\debug\mfcapplication2.tlog\cl.write.1.tlog
c:\users\vipul c\source\repos\mfcapplication2\mfcapplication2\x64\debug\mfcapplication2.tlog\link.command.1.tlog
c:\users\vipul c\source\repos\mfcapplication2\mfcapplication2\x64\debug\mfcapplication2.tlog\link.read.1.tlog
c:\users\vipul c\source\repos\mfcapplication2\mfcapplication2\x64\debug\mfcapplication2.tlog\link.secondary.1.tlog
c:\users\vipul c\source\repos\mfcapplication2\mfcapplication2\x64\debug\mfcapplication2.tlog\link.write.1.tlog
c:\users\vipul c\source\repos\mfcapplication2\mfcapplication2\x64\debug\mfcapplication2.tlog\rc.command.1.tlog
c:\users\vipul c\source\repos\mfcapplication2\mfcapplication2\x64\debug\mfcapplication2.tlog\rc.read.1.tlog
c:\users\vipul c\source\repos\mfcapplication2\mfcapplication2\x64\debug\mfcapplication2.tlog\rc.write.1.tlog
